<?xml version="1.0" encoding="UTF-8"?>
<testsuite name="goods.order.tdd.product.ProductApiTest" tests="1" skipped="0" failures="0" errors="0" timestamp="2024-11-06T15:16:32" hostname="wookui-MacBookPro.local" time="0.98">
  <properties/>
  <testcase name="상품등록()" classname="goods.order.tdd.product.ProductApiTest" time="0.98"/>
  <system-out><![CDATA[00:16:30.424 [Test worker] INFO org.springframework.test.context.support.AnnotationConfigContextLoaderUtils -- Could not detect default configuration classes for test class [goods.order.tdd.product.ProductApiTest]: ProductApiTest does not declare any static, non-private, non-final, nested classes annotated with @Configuration.
00:16:30.484 [Test worker] INFO org.springframework.boot.test.context.SpringBootTestContextBootstrapper -- Found @SpringBootConfiguration goods.order.tdd.GoodsOrderApplication for test class goods.order.tdd.product.ProductApiTest

  .   ____          _            __ _ _
 /\\ / ___'_ __ _ _(_)_ __  __ _ \ \ \ \
( ( )\___ | '_ | '_| | '_ \/ _` | \ \ \ \
 \\/  ___)| |_)| | | | | || (_| |  ) ) ) )
  '  |____| .__|_| |_|_| |_\__, | / / / /
 =========|_|==============|___/=/_/_/_/
 :: Spring Boot ::               (v3.2.11)

2024-11-07T00:16:30.670+09:00  INFO 51803 --- [goods-order] [    Test worker] goods.order.tdd.product.ProductApiTest   : Starting ProductApiTest using Java 17.0.5 with PID 51803 (started by wook in /Users/wook/Study/goods-order-test)
2024-11-07T00:16:30.671+09:00  INFO 51803 --- [goods-order] [    Test worker] goods.order.tdd.product.ProductApiTest   : No active profile set, falling back to 1 default profile: "default"
2024-11-07T00:16:31.039+09:00  INFO 51803 --- [goods-order] [    Test worker] .s.d.r.c.RepositoryConfigurationDelegate : Bootstrapping Spring Data JPA repositories in DEFAULT mode.
2024-11-07T00:16:31.051+09:00  INFO 51803 --- [goods-order] [    Test worker] .s.d.r.c.RepositoryConfigurationDelegate : Finished Spring Data repository scanning in 7 ms. Found 0 JPA repository interfaces.
2024-11-07T00:16:31.300+09:00  INFO 51803 --- [goods-order] [    Test worker] o.s.b.w.embedded.tomcat.TomcatWebServer  : Tomcat initialized with port 0 (http)
2024-11-07T00:16:31.310+09:00  INFO 51803 --- [goods-order] [    Test worker] o.apache.catalina.core.StandardService   : Starting service [Tomcat]
2024-11-07T00:16:31.310+09:00  INFO 51803 --- [goods-order] [    Test worker] o.apache.catalina.core.StandardEngine    : Starting Servlet engine: [Apache Tomcat/10.1.31]
2024-11-07T00:16:31.343+09:00  INFO 51803 --- [goods-order] [    Test worker] o.a.c.c.C.[Tomcat].[localhost].[/]       : Initializing Spring embedded WebApplicationContext
2024-11-07T00:16:31.344+09:00  INFO 51803 --- [goods-order] [    Test worker] w.s.c.ServletWebServerApplicationContext : Root WebApplicationContext: initialization completed in 577 ms
2024-11-07T00:16:31.412+09:00  INFO 51803 --- [goods-order] [    Test worker] com.zaxxer.hikari.HikariDataSource       : HikariPool-1 - Starting...
2024-11-07T00:16:31.504+09:00  INFO 51803 --- [goods-order] [    Test worker] com.zaxxer.hikari.pool.HikariPool        : HikariPool-1 - Added connection conn0: url=jdbc:h2:mem:ce14e886-49ef-4170-83c7-1deb8d9ebef7 user=SA
2024-11-07T00:16:31.505+09:00  INFO 51803 --- [goods-order] [    Test worker] com.zaxxer.hikari.HikariDataSource       : HikariPool-1 - Start completed.
2024-11-07T00:16:31.531+09:00  INFO 51803 --- [goods-order] [    Test worker] o.hibernate.jpa.internal.util.LogHelper  : HHH000204: Processing PersistenceUnitInfo [name: default]
2024-11-07T00:16:31.561+09:00  INFO 51803 --- [goods-order] [    Test worker] org.hibernate.Version                    : HHH000412: Hibernate ORM core version 6.4.10.Final
2024-11-07T00:16:31.582+09:00  INFO 51803 --- [goods-order] [    Test worker] o.h.c.internal.RegionFactoryInitiator    : HHH000026: Second-level cache disabled
2024-11-07T00:16:31.699+09:00  INFO 51803 --- [goods-order] [    Test worker] o.s.o.j.p.SpringPersistenceUnitInfo      : No LoadTimeWeaver setup: ignoring JPA class transformer
2024-11-07T00:16:31.889+09:00  INFO 51803 --- [goods-order] [    Test worker] o.h.e.t.j.p.i.JtaPlatformInitiator       : HHH000489: No JTA platform available (set 'hibernate.transaction.jta.platform' to enable JTA platform integration)
2024-11-07T00:16:31.891+09:00  INFO 51803 --- [goods-order] [    Test worker] j.LocalContainerEntityManagerFactoryBean : Initialized JPA EntityManagerFactory for persistence unit 'default'
2024-11-07T00:16:31.924+09:00  WARN 51803 --- [goods-order] [    Test worker] JpaBaseConfiguration$JpaWebConfiguration : spring.jpa.open-in-view is enabled by default. Therefore, database queries may be performed during view rendering. Explicitly configure spring.jpa.open-in-view to disable this warning
2024-11-07T00:16:32.127+09:00  INFO 51803 --- [goods-order] [    Test worker] o.s.b.w.embedded.tomcat.TomcatWebServer  : Tomcat started on port 61251 (http) with context path ''
2024-11-07T00:16:32.132+09:00  INFO 51803 --- [goods-order] [    Test worker] goods.order.tdd.product.ProductApiTest   : Started ProductApiTest in 1.581 seconds (process running for 2.11)
Request method:	POST
Request URI:	http://localhost:61251/products
Proxy:			<none>
Request params:	<none>
Query params:	<none>
Form params:	<none>
Path params:	<none>
Headers:		Accept=*/*
				Content-Type=application/json
Cookies:		<none>
Multiparts:		<none>
Body:
{
    "name": "상품명",
    "price": 1000,
    "discountPolicy": "NONE"
}
2024-11-07T00:16:33.019+09:00  INFO 51803 --- [goods-order] [o-auto-1-exec-1] o.a.c.c.C.[Tomcat].[localhost].[/]       : Initializing Spring DispatcherServlet 'dispatcherServlet'
2024-11-07T00:16:33.019+09:00  INFO 51803 --- [goods-order] [o-auto-1-exec-1] o.s.web.servlet.DispatcherServlet        : Initializing Servlet 'dispatcherServlet'
2024-11-07T00:16:33.020+09:00  INFO 51803 --- [goods-order] [o-auto-1-exec-1] o.s.web.servlet.DispatcherServlet        : Completed initialization in 1 ms
HTTP/1.1 201 
Content-Length: 0
Date: Wed, 06 Nov 2024 15:16:33 GMT
Keep-Alive: timeout=60
Connection: keep-alive
]]></system-out>
  <system-err><![CDATA[]]></system-err>
</testsuite>
